<?xml version="1.0" encoding="UTF-8"?>
<!-- Generated by org.testng.reporters.JUnitReportReporter -->
<testsuite hostname="Harishyam" failures="0" tests="10" name="restFullBooker.HealthCheck" time="15.722" errors="0" timestamp="2024-12-12T02:35:37 IST" skipped="0">
  <testcase classname="restFullBooker.HealthCheck" name="pingServerForHealthCheck" time="2.518"/>
  <system-out/>
  <testcase classname="restFullBooker.HealthCheck" name="getAuthToken" time="1.685"/>
  <system-out/>
  <testcase classname="restFullBooker.HealthCheck" name="fetchAllBookingIDs" time="1.685"/>
  <system-out/>
  <testcase classname="restFullBooker.HealthCheck" name="createNewBooking" time="1.441"/>
  <system-out/>
  <testcase classname="restFullBooker.HealthCheck" name="fetchCustomerDetailByID" time="1.390"/>
  <system-out/>
  <testcase classname="restFullBooker.HealthCheck" name="filterBookingIDsByName" time="1.381"/>
  <system-out/>
  <testcase classname="restFullBooker.HealthCheck" name="filterBookingIDsByCheckInOutDate" time="1.425"/>
  <system-out/>
  <testcase classname="restFullBooker.HealthCheck" name="updateCurrentBookingPUT" time="1.467"/>
  <system-out/>
  <testcase classname="restFullBooker.HealthCheck" name="updateCurrentBookingPATCH" time="1.336"/>
  <system-out/>
  <testcase classname="restFullBooker.HealthCheck" name="deletecurrentBooking" time="1.394"/>
  <system-out/>
</testsuite> <!-- restFullBooker.HealthCheck -->
